{
  "0 debug pnpm:scope": {
    "selected": 1
  },
  "1 error pnpm": {
    "code": "ELIFECYCLE",
    "errno": "ENOENT",
    "syscall": "spawn",
    "file": "sh",
    "pkgid": "qkart-frontend-v2-hooks@0.1.0",
    "stage": "test",
    "script": "react-scripts test --json --outputFile=testReport.json --watchAll=false",
    "pkgname": "qkart-frontend-v2-hooks",
    "err": {
      "name": "pnpm",
      "message": "qkart-frontend-v2-hooks@0.1.0 test: `react-scripts test --json --outputFile=testReport.json --watchAll=false`\nspawn ENOENT",
      "code": "ELIFECYCLE",
      "stack": "pnpm: qkart-frontend-v2-hooks@0.1.0 test: `react-scripts test --json --outputFile=testReport.json --watchAll=false`\nspawn ENOENT\n    at ChildProcess.<anonymous> (/usr/lib/node_modules/pnpm/dist/pnpm.cjs:92913:22)\n    at ChildProcess.emit (node:events:513:28)\n    at maybeClose (node:internal/child_process:1100:16)\n    at Process.ChildProcess._handle.onexit (node:internal/child_process:304:5)"
    }
  },
  "2 warn pnpm:global": " Local package.json exists, but node_modules missing, did you mean to install?"
}